;  LST file generated by mikroListExporter - v.2.0 
; Date/Time: 09-12-2025 18:03:23
;----------------------------------------------

;Address Opcode 	ASM
0x0000	0x2803      	GOTO       3
_main:
;LED_t.c,1 :: 		void main() {
;LED_t.c,2 :: 		TRISD = 0x00; // 0000 0000 all 8 are output now
0x0003	0x1683      	BSF        STATUS, 5
0x0004	0x1303      	BCF        STATUS, 6
0x0005	0x0188      	CLRF       TRISD
;LED_t.c,3 :: 		while(1){
L_main0:
;LED_t.c,4 :: 		PORTD = 0xff; // 1111 1111 all the portD pin o/p 5v
0x0006	0x30FF      	MOVLW      255
0x0007	0x1283      	BCF        STATUS, 5
0x0008	0x0088      	MOVWF      PORTD
;LED_t.c,5 :: 		delay_ms(1000);
0x0009	0x301A      	MOVLW      26
0x000A	0x00FB      	MOVWF      R11
0x000B	0x305E      	MOVLW      94
0x000C	0x00FC      	MOVWF      R12
0x000D	0x306E      	MOVLW      110
0x000E	0x00FD      	MOVWF      R13
L_main2:
0x000F	0x0BFD      	DECFSZ     R13, 1
0x0010	0x280F      	GOTO       L_main2
0x0011	0x0BFC      	DECFSZ     R12, 1
0x0012	0x280F      	GOTO       L_main2
0x0013	0x0BFB      	DECFSZ     R11, 1
0x0014	0x280F      	GOTO       L_main2
0x0015	0x0000      	NOP
;LED_t.c,6 :: 		PORTD = 0xab; // 1010 1010 all set to gnd
0x0016	0x30AB      	MOVLW      171
0x0017	0x0088      	MOVWF      PORTD
;LED_t.c,7 :: 		delay_ms(1000);
0x0018	0x301A      	MOVLW      26
0x0019	0x00FB      	MOVWF      R11
0x001A	0x305E      	MOVLW      94
0x001B	0x00FC      	MOVWF      R12
0x001C	0x306E      	MOVLW      110
0x001D	0x00FD      	MOVWF      R13
L_main3:
0x001E	0x0BFD      	DECFSZ     R13, 1
0x001F	0x281E      	GOTO       L_main3
0x0020	0x0BFC      	DECFSZ     R12, 1
0x0021	0x281E      	GOTO       L_main3
0x0022	0x0BFB      	DECFSZ     R11, 1
0x0023	0x281E      	GOTO       L_main3
0x0024	0x0000      	NOP
;LED_t.c,8 :: 		}
0x0025	0x2806      	GOTO       L_main0
;LED_t.c,9 :: 		}
L_end_main:
0x0026	0x2826      	GOTO       $+0
; end of _main
Symbol List:
//** Routines locations **
//ADDRESS    SIZE    PROCEDURE
//----------------------------------------------
0x0003      [36]    _main
//** Variables locations ** 
//ADDRESS    SIZE    VARIABLE
//----------------------------------------------
0x0000       [1]    INDF
0x0003       [1]    STATUS
0x0004       [1]    FSR
0x0008       [1]    PORTD
0x000A       [1]    PCLATH
0x0020       [2]    ___DoICPAddr
0x0070       [1]    R0
0x0071       [1]    R1
0x0072       [1]    R2
0x0073       [1]    R3
0x0074       [1]    R4
0x0075       [1]    R5
0x0076       [1]    R6
0x0077       [1]    R7
0x0078       [1]    R8
0x0079       [1]    R9
0x007A       [1]    R10
0x007B       [1]    R11
0x007C       [1]    R12
0x007D       [1]    R13
0x007E       [1]    R14
0x007F       [1]    R15
0x0088       [1]    TRISD
