;  LST file generated by mikroListExporter - v.2.0 
; Date/Time: 09-12-2025 18:03:24
;----------------------------------------------

;Address Opcode 	ASM
0x0000	0x2803      	GOTO       3
_main:
;LED_train.c,1 :: 		void main() {
;LED_train.c,2 :: 		unsigned char i=0;
0x0003	0x1283      	BCF        STATUS, 5
0x0004	0x1303      	BCF        STATUS, 6
0x0005	0x01A2      	CLRF       main_i_L0
;LED_train.c,3 :: 		trisd=0x00;
0x0006	0x1683      	BSF        STATUS, 5
0x0007	0x0188      	CLRF       TRISD
;LED_train.c,4 :: 		portd=0x00;
0x0008	0x1283      	BCF        STATUS, 5
0x0009	0x0188      	CLRF       PORTD
;LED_train.c,6 :: 		for(i=0;i<=7;i++){
0x000A	0x01A2      	CLRF       main_i_L0
L_main0:
0x000B	0x0822      	MOVF       main_i_L0, 0
0x000C	0x3C07      	SUBLW      7
0x000D	0x1C03      	BTFSS      STATUS, 0
0x000E	0x2832      	GOTO       L_main1
;LED_train.c,7 :: 		portd=0x80 >>i;
0x000F	0x0822      	MOVF       main_i_L0, 0
0x0010	0x00F1      	MOVWF      R1
0x0011	0x3080      	MOVLW      128
0x0012	0x00F0      	MOVWF      R0
0x0013	0x0871      	MOVF       R1, 0
L__main6:
0x0014	0x1903      	BTFSC      STATUS, 2
0x0015	0x281A      	GOTO       L__main7
0x0016	0x0CF0      	RRF        R0, 1
0x0017	0x13F0      	BCF        R0, 7
0x0018	0x3EFF      	ADDLW      255
0x0019	0x2814      	GOTO       L__main6
L__main7:
0x001A	0x0870      	MOVF       R0, 0
0x001B	0x0088      	MOVWF      PORTD
;LED_train.c,8 :: 		delay_ms(1000);
0x001C	0x301A      	MOVLW      26
0x001D	0x00FB      	MOVWF      R11
0x001E	0x305E      	MOVLW      94
0x001F	0x00FC      	MOVWF      R12
0x0020	0x306E      	MOVLW      110
0x0021	0x00FD      	MOVWF      R13
L_main3:
0x0022	0x0BFD      	DECFSZ     R13, 1
0x0023	0x2822      	GOTO       L_main3
0x0024	0x0BFC      	DECFSZ     R12, 1
0x0025	0x2822      	GOTO       L_main3
0x0026	0x0BFB      	DECFSZ     R11, 1
0x0027	0x2822      	GOTO       L_main3
0x0028	0x0000      	NOP
;LED_train.c,9 :: 		if(portd==0x01){
0x0029	0x0808      	MOVF       PORTD, 0
0x002A	0x3A01      	XORLW      1
0x002B	0x1D03      	BTFSS      STATUS, 2
0x002C	0x2830      	GOTO       L_main4
;LED_train.c,10 :: 		portd=0x80;
0x002D	0x3080      	MOVLW      128
0x002E	0x0088      	MOVWF      PORTD
;LED_train.c,11 :: 		i=0;
0x002F	0x01A2      	CLRF       main_i_L0
;LED_train.c,12 :: 		}
L_main4:
;LED_train.c,6 :: 		for(i=0;i<=7;i++){
0x0030	0x0AA2      	INCF       main_i_L0, 1
;LED_train.c,13 :: 		}
0x0031	0x280B      	GOTO       L_main0
L_main1:
;LED_train.c,14 :: 		}
L_end_main:
0x0032	0x2832      	GOTO       $+0
; end of _main
Symbol List:
//** Routines locations **
//ADDRESS    SIZE    PROCEDURE
//----------------------------------------------
0x0003      [48]    _main
//** Variables locations ** 
//ADDRESS    SIZE    VARIABLE
//----------------------------------------------
0x0000       [1]    INDF
0x0003       [1]    STATUS
0x0004       [1]    FSR
0x0008       [1]    PORTD
0x000A       [1]    PCLATH
0x0020       [2]    ___DoICPAddr
0x0022       [1]    main_i_L0
0x0070       [1]    R0
0x0071       [1]    R1
0x0072       [1]    R2
0x0073       [1]    R3
0x0074       [1]    R4
0x0075       [1]    R5
0x0076       [1]    R6
0x0077       [1]    R7
0x0078       [1]    R8
0x0079       [1]    R9
0x007A       [1]    R10
0x007B       [1]    R11
0x007C       [1]    R12
0x007D       [1]    R13
0x007E       [1]    R14
0x007F       [1]    R15
0x0088       [1]    TRISD
